
Showing logs for build [32mrajattyagius-environment-rajatt-zlmnc-1[0m stage [32mmeta-pipeline[0m and container [32mstep-credential-initializer-6xg5s[0m
{"level":"warn","ts":1568706243.6071773,"logger":"fallback-logger","caller":"logging/config.go:69","msg":"Fetch GitHub commit ID from kodata failed: \"ref: refs/heads/master\" is not a valid GitHub commit ID"}
{"level":"info","ts":1568706243.6078882,"logger":"fallback-logger","caller":"creds-init/main.go:40","msg":"Credentials initialized."}

Showing logs for build [32mrajattyagius-environment-rajatt-zlmnc-1[0m stage [32mmeta-pipeline[0m and container [32mstep-working-dir-initializer-nfl4r[0m
{"level":"warn","ts":1568706244.9014485,"logger":"fallback-logger","caller":"logging/config.go:69","msg":"Fetch GitHub commit ID from kodata failed: open /var/run/ko/HEAD: no such file or directory"}
{"level":"info","ts":1568706244.9428155,"logger":"fallback-logger","caller":"bash/main.go:65","msg":"Successfully executed command \"mkdir -p /workspace/source\""}

Showing logs for build [32mrajattyagius-environment-rajatt-zlmnc-1[0m stage [32mmeta-pipeline[0m and container [32mstep-place-tools[0m

Showing logs for build [32mrajattyagius-environment-rajatt-zlmnc-1[0m stage [32mmeta-pipeline[0m and container [32mstep-git-source-meta-rajattyagius-environment-r-rffj9[0m
{"level":"warn","ts":1568706251.901438,"logger":"fallback-logger","caller":"logging/config.go:69","msg":"Fetch GitHub commit ID from kodata failed: \"ref: refs/heads/master\" is not a valid GitHub commit ID"}
{"level":"info","ts":1568706254.2896016,"logger":"fallback-logger","caller":"git/git.go:102","msg":"Successfully cloned https://github.com/************/environment-************-tags123-staging.git @ c0ee7b8404fbfc560e57f6cdd3293fb3b15be1d5 in path /workspace/source"}

Showing logs for build [32mrajattyagius-environment-rajatt-zlmnc-1[0m stage [32mmeta-pipeline[0m and container [32mstep-git-merge[0m
Using SHAs from PULL_REFS=master:c0ee7b8404fbfc560e57f6cdd3293fb3b15be1d5,3:33ee2a5b6d605725d1bcf5c90718446dcc9663f1
DEBUG: ran git fetch --unshallow origin 33ee2a5b6d605725d1bcf5c90718446dcc9663f1: c0ee7b8404fbfc560e57f6cdd3293fb3b15be1d5: in 
DEBUG: ran git checkout master in 
DEBUG: ran git reset --hard c0ee7b8404fbfc560e57f6cdd3293fb3b15be1d5 in 
DEBUG: ran clean --force -d . in 
DEBUG: ran git merge 33ee2a5b6d605725d1bcf5c90718446dcc9663f1 in 
Merged SHA 33ee2a5b6d605725d1bcf5c90718446dcc9663f1 with commit message 'chore: Promote pa-emailparser to version 0.0.13' into base branch master

Showing logs for build [32mrajattyagius-environment-rajatt-zlmnc-1[0m stage [32mmeta-pipeline[0m and container [32mstep-merge-pull-refs[0m
DEBUG: ran git fetch origin 33ee2a5b6d605725d1bcf5c90718446dcc9663f1: c0ee7b8404fbfc560e57f6cdd3293fb3b15be1d5: in 
DEBUG: Unshallowed git repo in 
DEBUG: ran git checkout master in 
DEBUG: ran git reset --hard c0ee7b8404fbfc560e57f6cdd3293fb3b15be1d5 in 
DEBUG: ran clean --force -d . in 
DEBUG: ran git merge 33ee2a5b6d605725d1bcf5c90718446dcc9663f1 in 
Merged SHA 33ee2a5b6d605725d1bcf5c90718446dcc9663f1 with commit message 'chore: Promote pa-emailparser to version 0.0.13' into base branch master

Showing logs for build [32mrajattyagius-environment-rajatt-zlmnc-1[0m stage [32mmeta-pipeline[0m and container [32mstep-create-effective-pipeline[0m
Deleting and cloning the Jenkins X versions repo
Cloning the Jenkins X versions repo https://github.com/jenkins-x/jenkins-x-versions.git with ref refs/heads/master to /builder/home/.**/jenkins-x-versions
selected pack: /builder/home/.**/draft/packs/github.com/jenkins-x-buildpacks/jenkins-x-kubernetes/packs/environment
Effective pipeline written to jenkins-x-promotion-build-effective.yml

Showing logs for build [32mrajattyagius-environment-rajatt-zlmnc-1[0m stage [32mmeta-pipeline[0m and container [32mstep-create-tekton-crds[0m
PipelineActivity for ************-environment-************-tags123-staging-PR-3-1
Applying changes 
upserted PipelineResource ************-environment-rajatt for the git repository https://github.com/************/environment-************-tags123-staging.git
upserted Task ************-environment-rajatt-zlmnc-from-build-pack-1
upserted Pipeline ************-environment-rajatt-zlmnc-1
created PipelineRun ************-environment-rajatt-zlmnc-1
created PipelineStructure ************-environment-rajatt-zlmnc-1

Showing logs for build [32mrajattyagius-environment-rajatt-zlmnc-1[0m stage [32mfrom-build-pack[0m and container [32mstep-credential-initializer-lnskm[0m
{"level":"warn","ts":1568706285.0403779,"logger":"fallback-logger","caller":"logging/config.go:69","msg":"Fetch GitHub commit ID from kodata failed: \"ref: refs/heads/master\" is not a valid GitHub commit ID"}
{"level":"info","ts":1568706285.040938,"logger":"fallback-logger","caller":"creds-init/main.go:40","msg":"Credentials initialized."}

Showing logs for build [32mrajattyagius-environment-rajatt-zlmnc-1[0m stage [32mfrom-build-pack[0m and container [32mstep-working-dir-initializer-fw8zd[0m
{"level":"warn","ts":1568706286.1378784,"logger":"fallback-logger","caller":"logging/config.go:69","msg":"Fetch GitHub commit ID from kodata failed: open /var/run/ko/HEAD: no such file or directory"}
{"level":"info","ts":1568706286.1451607,"logger":"fallback-logger","caller":"bash/main.go:65","msg":"Successfully executed command \"mkdir -p /workspace/source /workspace/source/env\""}

Showing logs for build [32mrajattyagius-environment-rajatt-zlmnc-1[0m stage [32mfrom-build-pack[0m and container [32mstep-place-tools[0m

Showing logs for build [32mrajattyagius-environment-rajatt-zlmnc-1[0m stage [32mfrom-build-pack[0m and container [32mstep-git-source-rajattyagius-environment-rajatt-jmqxm[0m
{"level":"warn","ts":1568706336.3271222,"logger":"fallback-logger","caller":"logging/config.go:69","msg":"Fetch GitHub commit ID from kodata failed: \"ref: refs/heads/master\" is not a valid GitHub commit ID"}
{"level":"info","ts":1568706338.25991,"logger":"fallback-logger","caller":"git/git.go:102","msg":"Successfully cloned https://github.com/************/environment-************-tags123-staging.git @ master in path /workspace/source"}

Showing logs for build [32mrajattyagius-environment-rajatt-zlmnc-1[0m stage [32mfrom-build-pack[0m and container [32mstep-git-merge[0m
Using SHAs from PULL_REFS=master:c0ee7b8404fbfc560e57f6cdd3293fb3b15be1d5,3:33ee2a5b6d605725d1bcf5c90718446dcc9663f1
DEBUG: ran git fetch origin 33ee2a5b6d605725d1bcf5c90718446dcc9663f1: c0ee7b8404fbfc560e57f6cdd3293fb3b15be1d5: in 
DEBUG: Unshallowed git repo in 
DEBUG: ran git checkout master in 
DEBUG: ran git reset --hard c0ee7b8404fbfc560e57f6cdd3293fb3b15be1d5 in 
DEBUG: ran clean --force -d . in 
DEBUG: ran git merge 33ee2a5b6d605725d1bcf5c90718446dcc9663f1 in 
Merged SHA 33ee2a5b6d605725d1bcf5c90718446dcc9663f1 with commit message 'chore: Promote pa-emailparser to version 0.0.13' into base branch master

Showing logs for build [32mrajattyagius-environment-rajatt-zlmnc-1[0m stage [32mfrom-build-pack[0m and container [32mstep-build-helm-build[0m
WARNING: No $CHART_REPOSITORY defined so using the default value of: http://jenkins-x-chartmuseum:8080
Adding missing Helm repo: storage.googleapis.com https://storage.googleapis.com/chartmuseum.jenkins-x.io
Successfully added Helm repository storage.googleapis.com.
Adding missing Helm repo: jenkins-x-chartmuseum http://jenkins-x-chartmuseum:8080
Successfully added Helm repository jenkins-x-chartmuseum.
WARNING: No $CHART_REPOSITORY defined so using the default value of: http://jenkins-x-chartmuseum:8080
Adding missing Helm repo: chartmuseum.jenkins-x.io http://chartmuseum.jenkins-x.io
Successfully added Helm repository chartmuseum.jenkins-x.io.
