
Showing logs for build [32mrajattyagius-environment-rajatt-khd8n-2[0m stage [32mmeta-pipeline[0m and container [32mstep-credential-initializer-d9jp5[0m
{"level":"warn","ts":1568706458.7190974,"logger":"fallback-logger","caller":"logging/config.go:69","msg":"Fetch GitHub commit ID from kodata failed: \"ref: refs/heads/master\" is not a valid GitHub commit ID"}
{"level":"info","ts":1568706458.7195482,"logger":"fallback-logger","caller":"creds-init/main.go:40","msg":"Credentials initialized."}

Showing logs for build [32mrajattyagius-environment-rajatt-khd8n-2[0m stage [32mmeta-pipeline[0m and container [32mstep-working-dir-initializer-s2577[0m
{"level":"warn","ts":1568706459.6821523,"logger":"fallback-logger","caller":"logging/config.go:69","msg":"Fetch GitHub commit ID from kodata failed: open /var/run/ko/HEAD: no such file or directory"}
{"level":"info","ts":1568706459.6835632,"logger":"fallback-logger","caller":"bash/main.go:65","msg":"Successfully executed command \"mkdir -p /workspace/source\""}

Showing logs for build [32mrajattyagius-environment-rajatt-khd8n-2[0m stage [32mmeta-pipeline[0m and container [32mstep-place-tools[0m

Showing logs for build [32mrajattyagius-environment-rajatt-khd8n-2[0m stage [32mmeta-pipeline[0m and container [32mstep-git-source-meta-rajattyagius-environment-r-zvfxx[0m
{"level":"warn","ts":1568706464.7427561,"logger":"fallback-logger","caller":"logging/config.go:69","msg":"Fetch GitHub commit ID from kodata failed: \"ref: refs/heads/master\" is not a valid GitHub commit ID"}
{"level":"info","ts":1568706466.6864135,"logger":"fallback-logger","caller":"git/git.go:102","msg":"Successfully cloned https://github.com/************/environment-************-tags123-staging.git @ 6a6641a476b47808c558a87d0c4fdbe6f69c5b9a in path /workspace/source"}

Showing logs for build [32mrajattyagius-environment-rajatt-khd8n-2[0m stage [32mmeta-pipeline[0m and container [32mstep-git-merge[0m
Using SHAs from PULL_REFS=master:6a6641a476b47808c558a87d0c4fdbe6f69c5b9a,3:33ee2a5b6d605725d1bcf5c90718446dcc9663f1
DEBUG: ran git fetch --unshallow origin 33ee2a5b6d605725d1bcf5c90718446dcc9663f1: 6a6641a476b47808c558a87d0c4fdbe6f69c5b9a: in 
DEBUG: ran git checkout master in 
DEBUG: ran git reset --hard 6a6641a476b47808c558a87d0c4fdbe6f69c5b9a in 
DEBUG: ran clean --force -d . in 
DEBUG: ran git merge 33ee2a5b6d605725d1bcf5c90718446dcc9663f1 in 

Showing logs for build [32mrajattyagius-environment-rajatt-khd8n-2[0m stage [32mmeta-pipeline[0m and container [32mstep-merge-pull-refs[0m
DEBUG: ran git fetch origin 33ee2a5b6d605725d1bcf5c90718446dcc9663f1: 6a6641a476b47808c558a87d0c4fdbe6f69c5b9a: in 
DEBUG: Unshallowed git repo in 
DEBUG: ran git checkout master in 
DEBUG: ran git reset --hard 6a6641a476b47808c558a87d0c4fdbe6f69c5b9a in 
DEBUG: ran clean --force -d . in 
DEBUG: ran git merge 33ee2a5b6d605725d1bcf5c90718446dcc9663f1 in 

Showing logs for build [32mrajattyagius-environment-rajatt-khd8n-2[0m stage [32mmeta-pipeline[0m and container [32mstep-create-effective-pipeline[0m
Deleting and cloning the Jenkins X versions repo
Cloning the Jenkins X versions repo https://github.com/jenkins-x/jenkins-x-versions.git with ref refs/heads/master to /builder/home/.**/jenkins-x-versions
selected pack: /builder/home/.**/draft/packs/github.com/jenkins-x-buildpacks/jenkins-x-kubernetes/packs/environment
Effective pipeline written to jenkins-x-promotion-build-effective.yml

Showing logs for build [32mrajattyagius-environment-rajatt-khd8n-2[0m stage [32mmeta-pipeline[0m and container [32mstep-create-tekton-crds[0m
PipelineActivity for ************-environment-************-tags123-staging-PR-3-2
Applying changes 
upserted PipelineResource ************-environment-rajatt for the git repository https://github.com/************/environment-************-tags123-staging.git
upserted Task ************-environment-rajatt-khd8n-from-build-pack-2
upserted Pipeline ************-environment-rajatt-khd8n-2
created PipelineRun ************-environment-rajatt-khd8n-2
created PipelineStructure ************-environment-rajatt-khd8n-2

Showing logs for build [32mrajattyagius-environment-rajatt-khd8n-2[0m stage [32mfrom-build-pack[0m and container [32mstep-credential-initializer-8tjh8[0m
{"level":"warn","ts":1568706484.68074,"logger":"fallback-logger","caller":"logging/config.go:69","msg":"Fetch GitHub commit ID from kodata failed: \"ref: refs/heads/master\" is not a valid GitHub commit ID"}
{"level":"info","ts":1568706484.6815913,"logger":"fallback-logger","caller":"creds-init/main.go:40","msg":"Credentials initialized."}

Showing logs for build [32mrajattyagius-environment-rajatt-khd8n-2[0m stage [32mfrom-build-pack[0m and container [32mstep-working-dir-initializer-tfjpb[0m
{"level":"warn","ts":1568706484.934477,"logger":"fallback-logger","caller":"logging/config.go:69","msg":"Fetch GitHub commit ID from kodata failed: open /var/run/ko/HEAD: no such file or directory"}
{"level":"info","ts":1568706484.9366493,"logger":"fallback-logger","caller":"bash/main.go:65","msg":"Successfully executed command \"mkdir -p /workspace/source /workspace/source/env\""}

Showing logs for build [32mrajattyagius-environment-rajatt-khd8n-2[0m stage [32mfrom-build-pack[0m and container [32mstep-place-tools[0m

Showing logs for build [32mrajattyagius-environment-rajatt-khd8n-2[0m stage [32mfrom-build-pack[0m and container [32mstep-git-source-rajattyagius-environment-rajatt-pv4sz[0m
{"level":"warn","ts":1568706490.05929,"logger":"fallback-logger","caller":"logging/config.go:69","msg":"Fetch GitHub commit ID from kodata failed: \"ref: refs/heads/master\" is not a valid GitHub commit ID"}
{"level":"info","ts":1568706491.99609,"logger":"fallback-logger","caller":"git/git.go:102","msg":"Successfully cloned https://github.com/************/environment-************-tags123-staging.git @ master in path /workspace/source"}

Showing logs for build [32mrajattyagius-environment-rajatt-khd8n-2[0m stage [32mfrom-build-pack[0m and container [32mstep-git-merge[0m
Using SHAs from PULL_REFS=master:6a6641a476b47808c558a87d0c4fdbe6f69c5b9a,3:33ee2a5b6d605725d1bcf5c90718446dcc9663f1
DEBUG: ran git fetch --unshallow origin 33ee2a5b6d605725d1bcf5c90718446dcc9663f1: 6a6641a476b47808c558a87d0c4fdbe6f69c5b9a: in 
DEBUG: ran git checkout master in 
DEBUG: ran git reset --hard 6a6641a476b47808c558a87d0c4fdbe6f69c5b9a in 
DEBUG: ran clean --force -d . in 
DEBUG: ran git merge 33ee2a5b6d605725d1bcf5c90718446dcc9663f1 in 

Showing logs for build [32mrajattyagius-environment-rajatt-khd8n-2[0m stage [32mfrom-build-pack[0m and container [32mstep-build-helm-build[0m
WARNING: No $CHART_REPOSITORY defined so using the default value of: http://jenkins-x-chartmuseum:8080
Adding missing Helm repo: storage.googleapis.com https://storage.googleapis.com/chartmuseum.jenkins-x.io
Successfully added Helm repository storage.googleapis.com.
Adding missing Helm repo: jenkins-x-chartmuseum http://jenkins-x-chartmuseum:8080
Successfully added Helm repository jenkins-x-chartmuseum.
WARNING: No $CHART_REPOSITORY defined so using the default value of: http://jenkins-x-chartmuseum:8080
Adding missing Helm repo: chartmuseum.jenkins-x.io http://chartmuseum.jenkins-x.io
Successfully added Helm repository chartmuseum.jenkins-x.io.
