
Showing logs for build [32mrajattyagius-environment-rajatt-tfcnj-1[0m stage [32mmeta-pipeline[0m and container [32mstep-credential-initializer-jkc9m[0m
{"level":"warn","ts":1568711434.8706837,"logger":"fallback-logger","caller":"logging/config.go:69","msg":"Fetch GitHub commit ID from kodata failed: \"ref: refs/heads/master\" is not a valid GitHub commit ID"}
{"level":"info","ts":1568711434.8713512,"logger":"fallback-logger","caller":"creds-init/main.go:40","msg":"Credentials initialized."}

Showing logs for build [32mrajattyagius-environment-rajatt-tfcnj-1[0m stage [32mmeta-pipeline[0m and container [32mstep-working-dir-initializer-g67pc[0m
{"level":"warn","ts":1568711435.3449175,"logger":"fallback-logger","caller":"logging/config.go:69","msg":"Fetch GitHub commit ID from kodata failed: open /var/run/ko/HEAD: no such file or directory"}
{"level":"info","ts":1568711435.3468373,"logger":"fallback-logger","caller":"bash/main.go:65","msg":"Successfully executed command \"mkdir -p /workspace/source\""}

Showing logs for build [32mrajattyagius-environment-rajatt-tfcnj-1[0m stage [32mmeta-pipeline[0m and container [32mstep-place-tools[0m

Showing logs for build [32mrajattyagius-environment-rajatt-tfcnj-1[0m stage [32mmeta-pipeline[0m and container [32mstep-git-source-meta-rajattyagius-environment-r-h7xw2[0m
{"level":"warn","ts":1568711440.4038424,"logger":"fallback-logger","caller":"logging/config.go:69","msg":"Fetch GitHub commit ID from kodata failed: \"ref: refs/heads/master\" is not a valid GitHub commit ID"}
{"level":"info","ts":1568711442.3556066,"logger":"fallback-logger","caller":"git/git.go:102","msg":"Successfully cloned https://github.com/************/environment-************-tags123-staging.git @ 2e2faae08826601cf519843544bbf3a1c9990857 in path /workspace/source"}

Showing logs for build [32mrajattyagius-environment-rajatt-tfcnj-1[0m stage [32mmeta-pipeline[0m and container [32mstep-git-merge[0m
Using SHAs from PULL_REFS=master:2e2faae08826601cf519843544bbf3a1c9990857,5:2f972fb54cdd989f37fa4f1547aae50e5e95cbd2
DEBUG: ran git fetch --unshallow origin 2f972fb54cdd989f37fa4f1547aae50e5e95cbd2: 2e2faae08826601cf519843544bbf3a1c9990857: in 
DEBUG: ran git checkout master in 
DEBUG: ran git reset --hard 2e2faae08826601cf519843544bbf3a1c9990857 in 
DEBUG: ran clean --force -d . in 
DEBUG: ran git merge 2f972fb54cdd989f37fa4f1547aae50e5e95cbd2 in 
Merged SHA 2f972fb54cdd989f37fa4f1547aae50e5e95cbd2 with commit message 'chore: Promote pa-nattydate to version 0.1.12' into base branch master

Showing logs for build [32mrajattyagius-environment-rajatt-tfcnj-1[0m stage [32mmeta-pipeline[0m and container [32mstep-merge-pull-refs[0m
DEBUG: ran git fetch origin 2f972fb54cdd989f37fa4f1547aae50e5e95cbd2: 2e2faae08826601cf519843544bbf3a1c9990857: in 
DEBUG: Unshallowed git repo in 
DEBUG: ran git checkout master in 
DEBUG: ran git reset --hard 2e2faae08826601cf519843544bbf3a1c9990857 in 
DEBUG: ran clean --force -d . in 
DEBUG: ran git merge 2f972fb54cdd989f37fa4f1547aae50e5e95cbd2 in 
Merged SHA 2f972fb54cdd989f37fa4f1547aae50e5e95cbd2 with commit message 'chore: Promote pa-nattydate to version 0.1.12' into base branch master

Showing logs for build [32mrajattyagius-environment-rajatt-tfcnj-1[0m stage [32mmeta-pipeline[0m and container [32mstep-create-effective-pipeline[0m
Deleting and cloning the Jenkins X versions repo
Cloning the Jenkins X versions repo https://github.com/jenkins-x/jenkins-x-versions.git with ref refs/heads/master to /builder/home/.**/jenkins-x-versions
selected pack: /builder/home/.**/draft/packs/github.com/jenkins-x-buildpacks/jenkins-x-kubernetes/packs/environment
Effective pipeline written to jenkins-x-promotion-build-effective.yml

Showing logs for build [32mrajattyagius-environment-rajatt-tfcnj-1[0m stage [32mmeta-pipeline[0m and container [32mstep-create-tekton-crds[0m
PipelineActivity for ************-environment-************-tags123-staging-PR-5-1
Applying changes 
upserted PipelineResource ************-environment-rajatt for the git repository https://github.com/************/environment-************-tags123-staging.git
upserted Task ************-environment-rajatt-tfcnj-from-build-pack-1
upserted Pipeline ************-environment-rajatt-tfcnj-1
created PipelineRun ************-environment-rajatt-tfcnj-1
created PipelineStructure ************-environment-rajatt-tfcnj-1

Showing logs for build [32mrajattyagius-environment-rajatt-tfcnj-1[0m stage [32mfrom-build-pack[0m and container [32mstep-credential-initializer-xw7mg[0m
{"level":"warn","ts":1568711459.474534,"logger":"fallback-logger","caller":"logging/config.go:69","msg":"Fetch GitHub commit ID from kodata failed: \"ref: refs/heads/master\" is not a valid GitHub commit ID"}
{"level":"info","ts":1568711459.4751506,"logger":"fallback-logger","caller":"creds-init/main.go:40","msg":"Credentials initialized."}

Showing logs for build [32mrajattyagius-environment-rajatt-tfcnj-1[0m stage [32mfrom-build-pack[0m and container [32mstep-working-dir-initializer-wpp47[0m
{"level":"warn","ts":1568711459.9441397,"logger":"fallback-logger","caller":"logging/config.go:69","msg":"Fetch GitHub commit ID from kodata failed: open /var/run/ko/HEAD: no such file or directory"}
{"level":"info","ts":1568711459.9454682,"logger":"fallback-logger","caller":"bash/main.go:65","msg":"Successfully executed command \"mkdir -p /workspace/source /workspace/source/env\""}

Showing logs for build [32mrajattyagius-environment-rajatt-tfcnj-1[0m stage [32mfrom-build-pack[0m and container [32mstep-place-tools[0m

Showing logs for build [32mrajattyagius-environment-rajatt-tfcnj-1[0m stage [32mfrom-build-pack[0m and container [32mstep-git-source-rajattyagius-environment-rajatt-cjjvs[0m
{"level":"warn","ts":1568711466.0406892,"logger":"fallback-logger","caller":"logging/config.go:69","msg":"Fetch GitHub commit ID from kodata failed: \"ref: refs/heads/master\" is not a valid GitHub commit ID"}
{"level":"info","ts":1568711468.0340233,"logger":"fallback-logger","caller":"git/git.go:102","msg":"Successfully cloned https://github.com/************/environment-************-tags123-staging.git @ master in path /workspace/source"}

Showing logs for build [32mrajattyagius-environment-rajatt-tfcnj-1[0m stage [32mfrom-build-pack[0m and container [32mstep-git-merge[0m
Using SHAs from PULL_REFS=master:2e2faae08826601cf519843544bbf3a1c9990857,5:2f972fb54cdd989f37fa4f1547aae50e5e95cbd2
DEBUG: ran git fetch --unshallow origin 2f972fb54cdd989f37fa4f1547aae50e5e95cbd2: 2e2faae08826601cf519843544bbf3a1c9990857: in 
DEBUG: ran git checkout master in 
DEBUG: ran git reset --hard 2e2faae08826601cf519843544bbf3a1c9990857 in 
DEBUG: ran clean --force -d . in 
DEBUG: ran git merge 2f972fb54cdd989f37fa4f1547aae50e5e95cbd2 in 
Merged SHA 2f972fb54cdd989f37fa4f1547aae50e5e95cbd2 with commit message 'chore: Promote pa-nattydate to version 0.1.12' into base branch master

Showing logs for build [32mrajattyagius-environment-rajatt-tfcnj-1[0m stage [32mfrom-build-pack[0m and container [32mstep-build-helm-build[0m
WARNING: No $CHART_REPOSITORY defined so using the default value of: http://jenkins-x-chartmuseum:8080
Adding missing Helm repo: storage.googleapis.com https://storage.googleapis.com/chartmuseum.jenkins-x.io
Successfully added Helm repository storage.googleapis.com.
Adding missing Helm repo: jenkins-x-chartmuseum http://jenkins-x-chartmuseum:8080
Successfully added Helm repository jenkins-x-chartmuseum.
WARNING: No $CHART_REPOSITORY defined so using the default value of: http://jenkins-x-chartmuseum:8080
Adding missing Helm repo: chartmuseum.jenkins-x.io http://chartmuseum.jenkins-x.io
Successfully added Helm repository chartmuseum.jenkins-x.io.
