
Showing logs for build [32mrajattyagius-environment-rajatt-jtrkv-1[0m stage [32mmeta-pipeline[0m and container [32mstep-credential-initializer-7p2wg[0m
{"level":"warn","ts":1568913287.634338,"logger":"fallback-logger","caller":"logging/config.go:69","msg":"Fetch GitHub commit ID from kodata failed: \"ref: refs/heads/master\" is not a valid GitHub commit ID"}
{"level":"info","ts":1568913287.646516,"logger":"fallback-logger","caller":"creds-init/main.go:40","msg":"Credentials initialized."}

Showing logs for build [32mrajattyagius-environment-rajatt-jtrkv-1[0m stage [32mmeta-pipeline[0m and container [32mstep-working-dir-initializer-dvf8k[0m
{"level":"warn","ts":1568913288.8180423,"logger":"fallback-logger","caller":"logging/config.go:69","msg":"Fetch GitHub commit ID from kodata failed: open /var/run/ko/HEAD: no such file or directory"}
{"level":"info","ts":1568913288.88894,"logger":"fallback-logger","caller":"bash/main.go:65","msg":"Successfully executed command \"mkdir -p /workspace/source\""}

Showing logs for build [32mrajattyagius-environment-rajatt-jtrkv-1[0m stage [32mmeta-pipeline[0m and container [32mstep-place-tools[0m

Showing logs for build [32mrajattyagius-environment-rajatt-jtrkv-1[0m stage [32mmeta-pipeline[0m and container [32mstep-git-source-meta-rajattyagius-environment-r-jsmvq[0m
{"level":"warn","ts":1568913293.389816,"logger":"fallback-logger","caller":"logging/config.go:69","msg":"Fetch GitHub commit ID from kodata failed: \"ref: refs/heads/master\" is not a valid GitHub commit ID"}
{"level":"error","ts":1568913294.0220745,"logger":"fallback-logger","caller":"git/git.go:35","msg":"Error running git [fetch --depth=1 --recurse-submodules=yes origin 636eadea76af08a87a4a859a36ae1b1e7318ce3c]: exit status 128\nerror: Server does not allow request for unadvertised object 636eadea76af08a87a4a859a36ae1b1e7318ce3c\n","stacktrace":"github.com/tektoncd/pipeline/pkg/git.run\n\t/workspace/go/src/github.com/tektoncd/pipeline/pkg/git/git.go:35\ngithub.com/tektoncd/pipeline/pkg/git.Fetch\n\t/workspace/go/src/github.com/tektoncd/pipeline/pkg/git/git.go:88\nmain.main\n\t/workspace/go/src/github.com/tektoncd/pipeline/cmd/git-init/main.go:36\nruntime.main\n\t/usr/local/go/src/runtime/proc.go:200"}
{"level":"error","ts":1568913295.5925658,"logger":"fallback-logger","caller":"git/git.go:35","msg":"Error running git [pull --recurse-submodules=yes origin]: exit status 1\nFrom https://github.com/************/environment-************-tags123-staging\n * [new branch]      gh-pages   -> origin/gh-pages\n * [new branch]      master     -> origin/master\n * [new branch]      promote-pa-emailchat-0.1.19 -> origin/promote-pa-emailchat-0.1.19\n * [new branch]      promote-pa-emailparser-0.0.12 -> origin/promote-pa-emailparser-0.0.12\n * [new branch]      promote-pa-emailparser-0.0.13 -> origin/promote-pa-emailparser-0.0.13\n * [new branch]      promote-pa-emailparser-0.0.14 -> origin/promote-pa-emailparser-0.0.14\n * [new branch]      promote-pa-emailparser-0.0.15 -> origin/promote-pa-emailparser-0.0.15\n * [new branch]      promote-pa-emailparser-0.0.16 -> origin/promote-pa-emailparser-0.0.16\n * [new branch]      promote-pa-nattydate-0.1.12 -> origin/promote-pa-nattydate-0.1.12\n * [new branch]      promote-pa-recurrent-nattydatetime-0.0.15 -> origin/promote-pa-recurrent-nattydatetime-0.0.15\n * [new branch]      promote-pa-recurrent-nattydatetime-0.0.18 -> origin/promote-pa-recurrent-nattydatetime-0.0.18\n * [new branch]      promote-testdevpods-0.0.1 -> origin/promote-testdevpods-0.0.1\nYou asked to pull from the remote 'origin', but did not specify\na branch. Because this is not the default configured remote\nfor your current branch, you must specify a branch on the command line.\n","stacktrace":"github.com/tektoncd/pipeline/pkg/git.run\n\t/workspace/go/src/github.com/tektoncd/pipeline/pkg/git/git.go:35\ngithub.com/tektoncd/pipeline/pkg/git.Fetch\n\t/workspace/go/src/github.com/tektoncd/pipeline/pkg/git/git.go:91\nmain.main\n\t/workspace/go/src/github.com/tektoncd/pipeline/cmd/git-init/main.go:36\nruntime.main\n\t/usr/local/go/src/runtime/proc.go:200"}
{"level":"warn","ts":1568913295.592762,"logger":"fallback-logger","caller":"git/git.go:92","msg":"Failed to pull origin : exit status 1"}
{"level":"info","ts":1568913295.596044,"logger":"fallback-logger","caller":"git/git.go:102","msg":"Successfully cloned https://github.com/************/environment-************-tags123-staging.git @ 636eadea76af08a87a4a859a36ae1b1e7318ce3c in path /workspace/source"}

Showing logs for build [32mrajattyagius-environment-rajatt-jtrkv-1[0m stage [32mmeta-pipeline[0m and container [32mstep-git-merge[0m
Using SHAs from PULL_REFS=master:636eadea76af08a87a4a859a36ae1b1e7318ce3c,10:e64aef804aa31558319b8b49a24b58c963c8b5da
DEBUG: ran git fetch origin e64aef804aa31558319b8b49a24b58c963c8b5da: 636eadea76af08a87a4a859a36ae1b1e7318ce3c: in 
DEBUG: Unshallowed git repo in 
DEBUG: ran git checkout master in 
DEBUG: ran git reset --hard 636eadea76af08a87a4a859a36ae1b1e7318ce3c in 
DEBUG: ran clean --force -d . in 
DEBUG: ran git merge e64aef804aa31558319b8b49a24b58c963c8b5da in 
Merged SHA e64aef804aa31558319b8b49a24b58c963c8b5da with commit message 'chore: Promote testdevpods to version 0.0.1' into base branch master

Showing logs for build [32mrajattyagius-environment-rajatt-jtrkv-1[0m stage [32mmeta-pipeline[0m and container [32mstep-merge-pull-refs[0m
DEBUG: ran git fetch origin e64aef804aa31558319b8b49a24b58c963c8b5da: 636eadea76af08a87a4a859a36ae1b1e7318ce3c: in 
DEBUG: Unshallowed git repo in 
DEBUG: ran git checkout master in 
DEBUG: ran git reset --hard 636eadea76af08a87a4a859a36ae1b1e7318ce3c in 
DEBUG: ran clean --force -d . in 
DEBUG: ran git merge e64aef804aa31558319b8b49a24b58c963c8b5da in 
Merged SHA e64aef804aa31558319b8b49a24b58c963c8b5da with commit message 'chore: Promote testdevpods to version 0.0.1' into base branch master

Showing logs for build [32mrajattyagius-environment-rajatt-jtrkv-1[0m stage [32mmeta-pipeline[0m and container [32mstep-create-effective-pipeline[0m
Deleting and cloning the Jenkins X versions repo
Cloning the Jenkins X versions repo https://github.com/jenkins-x/jenkins-x-versions.git with ref refs/heads/master to /builder/home/.**/jenkins-x-versions
selected pack: /builder/home/.**/draft/packs/github.com/jenkins-x-buildpacks/jenkins-x-kubernetes/packs/environment
Effective pipeline written to jenkins-x-promotion-build-effective.yml

Showing logs for build [32mrajattyagius-environment-rajatt-jtrkv-1[0m stage [32mmeta-pipeline[0m and container [32mstep-create-tekton-crds[0m
PipelineActivity for ************-environment-************-tags123-staging-PR-10-1
Applying changes 
upserted PipelineResource ************-environment-rajatt for the git repository https://github.com/************/environment-************-tags123-staging.git
upserted Task ************-environment-rajatt-jtrkv-from-build-pack-1
upserted Pipeline ************-environment-rajatt-jtrkv-1
created PipelineRun ************-environment-rajatt-jtrkv-1
created PipelineStructure ************-environment-rajatt-jtrkv-1

Showing logs for build [32mrajattyagius-environment-rajatt-jtrkv-1[0m stage [32mfrom-build-pack[0m and container [32mstep-credential-initializer-pzwlx[0m
{"level":"warn","ts":1568913311.3816411,"logger":"fallback-logger","caller":"logging/config.go:69","msg":"Fetch GitHub commit ID from kodata failed: \"ref: refs/heads/master\" is not a valid GitHub commit ID"}
{"level":"info","ts":1568913311.382144,"logger":"fallback-logger","caller":"creds-init/main.go:40","msg":"Credentials initialized."}

Showing logs for build [32mrajattyagius-environment-rajatt-jtrkv-1[0m stage [32mfrom-build-pack[0m and container [32mstep-working-dir-initializer-c4qwh[0m
{"level":"warn","ts":1568913311.8680224,"logger":"fallback-logger","caller":"logging/config.go:69","msg":"Fetch GitHub commit ID from kodata failed: open /var/run/ko/HEAD: no such file or directory"}
{"level":"info","ts":1568913311.8692532,"logger":"fallback-logger","caller":"bash/main.go:65","msg":"Successfully executed command \"mkdir -p /workspace/source /workspace/source/env\""}

Showing logs for build [32mrajattyagius-environment-rajatt-jtrkv-1[0m stage [32mfrom-build-pack[0m and container [32mstep-place-tools[0m

Showing logs for build [32mrajattyagius-environment-rajatt-jtrkv-1[0m stage [32mfrom-build-pack[0m and container [32mstep-git-source-rajattyagius-environment-rajatt-bwlfp[0m
{"level":"warn","ts":1568913397.0017664,"logger":"fallback-logger","caller":"logging/config.go:69","msg":"Fetch GitHub commit ID from kodata failed: \"ref: refs/heads/master\" is not a valid GitHub commit ID"}
{"level":"info","ts":1568913398.9548166,"logger":"fallback-logger","caller":"git/git.go:102","msg":"Successfully cloned https://github.com/************/environment-************-tags123-staging.git @ master in path /workspace/source"}

Showing logs for build [32mrajattyagius-environment-rajatt-jtrkv-1[0m stage [32mfrom-build-pack[0m and container [32mstep-git-merge[0m
Using SHAs from PULL_REFS=master:636eadea76af08a87a4a859a36ae1b1e7318ce3c,10:e64aef804aa31558319b8b49a24b58c963c8b5da
DEBUG: ran git fetch origin e64aef804aa31558319b8b49a24b58c963c8b5da: 636eadea76af08a87a4a859a36ae1b1e7318ce3c: in 
DEBUG: Unshallowed git repo in 
DEBUG: ran git checkout master in 
DEBUG: ran git reset --hard 636eadea76af08a87a4a859a36ae1b1e7318ce3c in 
DEBUG: ran clean --force -d . in 
DEBUG: ran git merge e64aef804aa31558319b8b49a24b58c963c8b5da in 
Merged SHA e64aef804aa31558319b8b49a24b58c963c8b5da with commit message 'chore: Promote testdevpods to version 0.0.1' into base branch master

Showing logs for build [32mrajattyagius-environment-rajatt-jtrkv-1[0m stage [32mfrom-build-pack[0m and container [32mstep-build-helm-build[0m
WARNING: No $CHART_REPOSITORY defined so using the default value of: http://jenkins-x-chartmuseum:8080
Adding missing Helm repo: storage.googleapis.com https://storage.googleapis.com/chartmuseum.jenkins-x.io
Successfully added Helm repository storage.googleapis.com.
Adding missing Helm repo: jenkins-x-chartmuseum http://jenkins-x-chartmuseum:8080
Successfully added Helm repository jenkins-x-chartmuseum.
WARNING: No $CHART_REPOSITORY defined so using the default value of: http://jenkins-x-chartmuseum:8080
Adding missing Helm repo: chartmuseum.jenkins-x.io http://chartmuseum.jenkins-x.io
Successfully added Helm repository chartmuseum.jenkins-x.io.
