
Showing logs for build [32mrajattyagius-environment-rajatt-kn85s-1[0m stage [32mmeta-pipeline[0m and container [32mstep-credential-initializer-trj6t[0m
{"level":"warn","ts":1568706924.5020096,"logger":"fallback-logger","caller":"logging/config.go:69","msg":"Fetch GitHub commit ID from kodata failed: \"ref: refs/heads/master\" is not a valid GitHub commit ID"}
{"level":"info","ts":1568706924.5027633,"logger":"fallback-logger","caller":"creds-init/main.go:40","msg":"Credentials initialized."}

Showing logs for build [32mrajattyagius-environment-rajatt-kn85s-1[0m stage [32mmeta-pipeline[0m and container [32mstep-working-dir-initializer-fx7r8[0m
{"level":"warn","ts":1568706925.5708206,"logger":"fallback-logger","caller":"logging/config.go:69","msg":"Fetch GitHub commit ID from kodata failed: open /var/run/ko/HEAD: no such file or directory"}
{"level":"info","ts":1568706925.6090324,"logger":"fallback-logger","caller":"bash/main.go:65","msg":"Successfully executed command \"mkdir -p /workspace/source\""}

Showing logs for build [32mrajattyagius-environment-rajatt-kn85s-1[0m stage [32mmeta-pipeline[0m and container [32mstep-place-tools[0m

Showing logs for build [32mrajattyagius-environment-rajatt-kn85s-1[0m stage [32mmeta-pipeline[0m and container [32mstep-git-source-meta-rajattyagius-environment-r-rnvzg[0m
{"level":"warn","ts":1568706931.4991808,"logger":"fallback-logger","caller":"logging/config.go:69","msg":"Fetch GitHub commit ID from kodata failed: \"ref: refs/heads/master\" is not a valid GitHub commit ID"}
{"level":"info","ts":1568706934.0248334,"logger":"fallback-logger","caller":"git/git.go:102","msg":"Successfully cloned https://github.com/************/environment-************-tags123-staging.git @ 6a6641a476b47808c558a87d0c4fdbe6f69c5b9a in path /workspace/source"}

Showing logs for build [32mrajattyagius-environment-rajatt-kn85s-1[0m stage [32mmeta-pipeline[0m and container [32mstep-git-merge[0m
Using SHAs from PULL_REFS=master:6a6641a476b47808c558a87d0c4fdbe6f69c5b9a,4:4bf677db6904c4e11ebc1ae1cd6b6609c169bb53
DEBUG: ran git fetch --unshallow origin 4bf677db6904c4e11ebc1ae1cd6b6609c169bb53: 6a6641a476b47808c558a87d0c4fdbe6f69c5b9a: in 
DEBUG: ran git checkout master in 
DEBUG: ran git reset --hard 6a6641a476b47808c558a87d0c4fdbe6f69c5b9a in 
DEBUG: ran clean --force -d . in 
DEBUG: ran git merge 4bf677db6904c4e11ebc1ae1cd6b6609c169bb53 in 
Merged SHA 4bf677db6904c4e11ebc1ae1cd6b6609c169bb53 with commit message 'chore: Promote pa-emailparser to version 0.0.14' into base branch master

Showing logs for build [32mrajattyagius-environment-rajatt-kn85s-1[0m stage [32mmeta-pipeline[0m and container [32mstep-merge-pull-refs[0m
DEBUG: ran git fetch origin 4bf677db6904c4e11ebc1ae1cd6b6609c169bb53: 6a6641a476b47808c558a87d0c4fdbe6f69c5b9a: in 
DEBUG: Unshallowed git repo in 
DEBUG: ran git checkout master in 
DEBUG: ran git reset --hard 6a6641a476b47808c558a87d0c4fdbe6f69c5b9a in 
DEBUG: ran clean --force -d . in 
DEBUG: ran git merge 4bf677db6904c4e11ebc1ae1cd6b6609c169bb53 in 
Merged SHA 4bf677db6904c4e11ebc1ae1cd6b6609c169bb53 with commit message 'chore: Promote pa-emailparser to version 0.0.14' into base branch master

Showing logs for build [32mrajattyagius-environment-rajatt-kn85s-1[0m stage [32mmeta-pipeline[0m and container [32mstep-create-effective-pipeline[0m
Deleting and cloning the Jenkins X versions repo
Cloning the Jenkins X versions repo https://github.com/jenkins-x/jenkins-x-versions.git with ref refs/heads/master to /builder/home/.**/jenkins-x-versions
selected pack: /builder/home/.**/draft/packs/github.com/jenkins-x-buildpacks/jenkins-x-kubernetes/packs/environment
Effective pipeline written to jenkins-x-promotion-build-effective.yml

Showing logs for build [32mrajattyagius-environment-rajatt-kn85s-1[0m stage [32mmeta-pipeline[0m and container [32mstep-create-tekton-crds[0m
PipelineActivity for ************-environment-************-tags123-staging-PR-4-1
Applying changes 
upserted PipelineResource ************-environment-rajatt for the git repository https://github.com/************/environment-************-tags123-staging.git
upserted Task ************-environment-rajatt-kn85s-from-build-pack-1
upserted Pipeline ************-environment-rajatt-kn85s-1
created PipelineRun ************-environment-rajatt-kn85s-1
created PipelineStructure ************-environment-rajatt-kn85s-1

Showing logs for build [32mrajattyagius-environment-rajatt-kn85s-1[0m stage [32mfrom-build-pack[0m and container [32mstep-credential-initializer-hl9ws[0m
{"level":"warn","ts":1568706958.6245024,"logger":"fallback-logger","caller":"logging/config.go:69","msg":"Fetch GitHub commit ID from kodata failed: \"ref: refs/heads/master\" is not a valid GitHub commit ID"}
{"level":"info","ts":1568706958.626203,"logger":"fallback-logger","caller":"creds-init/main.go:40","msg":"Credentials initialized."}

Showing logs for build [32mrajattyagius-environment-rajatt-kn85s-1[0m stage [32mfrom-build-pack[0m and container [32mstep-working-dir-initializer-8v5rq[0m
{"level":"warn","ts":1568706959.6013317,"logger":"fallback-logger","caller":"logging/config.go:69","msg":"Fetch GitHub commit ID from kodata failed: open /var/run/ko/HEAD: no such file or directory"}
{"level":"info","ts":1568706959.6089528,"logger":"fallback-logger","caller":"bash/main.go:65","msg":"Successfully executed command \"mkdir -p /workspace/source /workspace/source/env\""}

Showing logs for build [32mrajattyagius-environment-rajatt-kn85s-1[0m stage [32mfrom-build-pack[0m and container [32mstep-place-tools[0m

Showing logs for build [32mrajattyagius-environment-rajatt-kn85s-1[0m stage [32mfrom-build-pack[0m and container [32mstep-git-source-rajattyagius-environment-rajatt-xtsx5[0m
{"level":"warn","ts":1568706965.585427,"logger":"fallback-logger","caller":"logging/config.go:69","msg":"Fetch GitHub commit ID from kodata failed: \"ref: refs/heads/master\" is not a valid GitHub commit ID"}
{"level":"info","ts":1568706967.6932435,"logger":"fallback-logger","caller":"git/git.go:102","msg":"Successfully cloned https://github.com/************/environment-************-tags123-staging.git @ master in path /workspace/source"}

Showing logs for build [32mrajattyagius-environment-rajatt-kn85s-1[0m stage [32mfrom-build-pack[0m and container [32mstep-git-merge[0m
Using SHAs from PULL_REFS=master:6a6641a476b47808c558a87d0c4fdbe6f69c5b9a,4:4bf677db6904c4e11ebc1ae1cd6b6609c169bb53
DEBUG: ran git fetch --unshallow origin 4bf677db6904c4e11ebc1ae1cd6b6609c169bb53: 6a6641a476b47808c558a87d0c4fdbe6f69c5b9a: in 
DEBUG: ran git checkout master in 
DEBUG: ran git reset --hard 6a6641a476b47808c558a87d0c4fdbe6f69c5b9a in 
DEBUG: ran clean --force -d . in 
DEBUG: ran git merge 4bf677db6904c4e11ebc1ae1cd6b6609c169bb53 in 
Merged SHA 4bf677db6904c4e11ebc1ae1cd6b6609c169bb53 with commit message 'chore: Promote pa-emailparser to version 0.0.14' into base branch master

Showing logs for build [32mrajattyagius-environment-rajatt-kn85s-1[0m stage [32mfrom-build-pack[0m and container [32mstep-build-helm-build[0m
WARNING: No $CHART_REPOSITORY defined so using the default value of: http://jenkins-x-chartmuseum:8080
Adding missing Helm repo: storage.googleapis.com https://storage.googleapis.com/chartmuseum.jenkins-x.io
Successfully added Helm repository storage.googleapis.com.
Adding missing Helm repo: jenkins-x-chartmuseum http://jenkins-x-chartmuseum:8080
Successfully added Helm repository jenkins-x-chartmuseum.
WARNING: No $CHART_REPOSITORY defined so using the default value of: http://jenkins-x-chartmuseum:8080
Adding missing Helm repo: chartmuseum.jenkins-x.io http://chartmuseum.jenkins-x.io
Successfully added Helm repository chartmuseum.jenkins-x.io.
