
Showing logs for build [32mrajattyagius-environment-rajatt-nkrpg-1[0m stage [32mmeta-pipeline[0m and container [32mstep-credential-initializer-jsgt7[0m
{"level":"warn","ts":1568706233.1279595,"logger":"fallback-logger","caller":"logging/config.go:69","msg":"Fetch GitHub commit ID from kodata failed: \"ref: refs/heads/master\" is not a valid GitHub commit ID"}
{"level":"info","ts":1568706233.1297927,"logger":"fallback-logger","caller":"creds-init/main.go:40","msg":"Credentials initialized."}

Showing logs for build [32mrajattyagius-environment-rajatt-nkrpg-1[0m stage [32mmeta-pipeline[0m and container [32mstep-working-dir-initializer-qfljj[0m
{"level":"warn","ts":1568706234.5224824,"logger":"fallback-logger","caller":"logging/config.go:69","msg":"Fetch GitHub commit ID from kodata failed: open /var/run/ko/HEAD: no such file or directory"}
{"level":"info","ts":1568706234.5493753,"logger":"fallback-logger","caller":"bash/main.go:65","msg":"Successfully executed command \"mkdir -p /workspace/source\""}

Showing logs for build [32mrajattyagius-environment-rajatt-nkrpg-1[0m stage [32mmeta-pipeline[0m and container [32mstep-place-tools[0m

Showing logs for build [32mrajattyagius-environment-rajatt-nkrpg-1[0m stage [32mmeta-pipeline[0m and container [32mstep-git-source-meta-rajattyagius-environment-r-qllz9[0m
{"level":"warn","ts":1568706240.5457575,"logger":"fallback-logger","caller":"logging/config.go:69","msg":"Fetch GitHub commit ID from kodata failed: \"ref: refs/heads/master\" is not a valid GitHub commit ID"}
{"level":"info","ts":1568706243.0146294,"logger":"fallback-logger","caller":"git/git.go:102","msg":"Successfully cloned https://github.com/************/environment-************-tags123-staging.git @ c0ee7b8404fbfc560e57f6cdd3293fb3b15be1d5 in path /workspace/source"}

Showing logs for build [32mrajattyagius-environment-rajatt-nkrpg-1[0m stage [32mmeta-pipeline[0m and container [32mstep-git-merge[0m
Using SHAs from PULL_REFS=master:c0ee7b8404fbfc560e57f6cdd3293fb3b15be1d5,2:d4991323e07f96b789d0fbc723f6252282733394
DEBUG: ran git fetch --unshallow origin d4991323e07f96b789d0fbc723f6252282733394: c0ee7b8404fbfc560e57f6cdd3293fb3b15be1d5: in 
DEBUG: ran git checkout master in 
DEBUG: ran git reset --hard c0ee7b8404fbfc560e57f6cdd3293fb3b15be1d5 in 
DEBUG: ran clean --force -d . in 
DEBUG: ran git merge d4991323e07f96b789d0fbc723f6252282733394 in 
Merged SHA d4991323e07f96b789d0fbc723f6252282733394 with commit message 'chore: Promote pa-emailparser to version 0.0.12' into base branch master

Showing logs for build [32mrajattyagius-environment-rajatt-nkrpg-1[0m stage [32mmeta-pipeline[0m and container [32mstep-merge-pull-refs[0m
DEBUG: ran git fetch origin d4991323e07f96b789d0fbc723f6252282733394: c0ee7b8404fbfc560e57f6cdd3293fb3b15be1d5: in 
DEBUG: Unshallowed git repo in 
DEBUG: ran git checkout master in 
DEBUG: ran git reset --hard c0ee7b8404fbfc560e57f6cdd3293fb3b15be1d5 in 
DEBUG: ran clean --force -d . in 
DEBUG: ran git merge d4991323e07f96b789d0fbc723f6252282733394 in 
Merged SHA d4991323e07f96b789d0fbc723f6252282733394 with commit message 'chore: Promote pa-emailparser to version 0.0.12' into base branch master

Showing logs for build [32mrajattyagius-environment-rajatt-nkrpg-1[0m stage [32mmeta-pipeline[0m and container [32mstep-create-effective-pipeline[0m
Deleting and cloning the Jenkins X versions repo
Cloning the Jenkins X versions repo https://github.com/jenkins-x/jenkins-x-versions.git with ref refs/heads/master to /builder/home/.**/jenkins-x-versions
selected pack: /builder/home/.**/draft/packs/github.com/jenkins-x-buildpacks/jenkins-x-kubernetes/packs/environment
Effective pipeline written to jenkins-x-promotion-build-effective.yml

Showing logs for build [32mrajattyagius-environment-rajatt-nkrpg-1[0m stage [32mmeta-pipeline[0m and container [32mstep-create-tekton-crds[0m
PipelineActivity for ************-environment-************-tags123-staging-PR-2-1
Applying changes 
upserted PipelineResource ************-environment-rajatt for the git repository https://github.com/************/environment-************-tags123-staging.git
upserted Task ************-environment-rajatt-nkrpg-from-build-pack-1
upserted Pipeline ************-environment-rajatt-nkrpg-1
created PipelineRun ************-environment-rajatt-nkrpg-1
created PipelineStructure ************-environment-rajatt-nkrpg-1

Showing logs for build [32mrajattyagius-environment-rajatt-nkrpg-1[0m stage [32mfrom-build-pack[0m and container [32mstep-credential-initializer-rx9m4[0m
{"level":"warn","ts":1568706264.7308948,"logger":"fallback-logger","caller":"logging/config.go:69","msg":"Fetch GitHub commit ID from kodata failed: \"ref: refs/heads/master\" is not a valid GitHub commit ID"}
{"level":"info","ts":1568706264.731615,"logger":"fallback-logger","caller":"creds-init/main.go:40","msg":"Credentials initialized."}

Showing logs for build [32mrajattyagius-environment-rajatt-nkrpg-1[0m stage [32mfrom-build-pack[0m and container [32mstep-working-dir-initializer-kjhtm[0m
{"level":"warn","ts":1568706265.9303637,"logger":"fallback-logger","caller":"logging/config.go:69","msg":"Fetch GitHub commit ID from kodata failed: open /var/run/ko/HEAD: no such file or directory"}
{"level":"info","ts":1568706265.9318323,"logger":"fallback-logger","caller":"bash/main.go:65","msg":"Successfully executed command \"mkdir -p /workspace/source /workspace/source/env\""}

Showing logs for build [32mrajattyagius-environment-rajatt-nkrpg-1[0m stage [32mfrom-build-pack[0m and container [32mstep-place-tools[0m

Showing logs for build [32mrajattyagius-environment-rajatt-nkrpg-1[0m stage [32mfrom-build-pack[0m and container [32mstep-git-source-rajattyagius-environment-rajatt-r6nx2[0m
{"level":"warn","ts":1568706334.2015483,"logger":"fallback-logger","caller":"logging/config.go:69","msg":"Fetch GitHub commit ID from kodata failed: \"ref: refs/heads/master\" is not a valid GitHub commit ID"}
{"level":"info","ts":1568706336.1654,"logger":"fallback-logger","caller":"git/git.go:102","msg":"Successfully cloned https://github.com/************/environment-************-tags123-staging.git @ master in path /workspace/source"}

Showing logs for build [32mrajattyagius-environment-rajatt-nkrpg-1[0m stage [32mfrom-build-pack[0m and container [32mstep-git-merge[0m
Using SHAs from PULL_REFS=master:c0ee7b8404fbfc560e57f6cdd3293fb3b15be1d5,2:d4991323e07f96b789d0fbc723f6252282733394
DEBUG: ran git fetch origin d4991323e07f96b789d0fbc723f6252282733394: c0ee7b8404fbfc560e57f6cdd3293fb3b15be1d5: in 
DEBUG: Unshallowed git repo in 
DEBUG: ran git checkout master in 
DEBUG: ran git reset --hard c0ee7b8404fbfc560e57f6cdd3293fb3b15be1d5 in 
DEBUG: ran clean --force -d . in 
DEBUG: ran git merge d4991323e07f96b789d0fbc723f6252282733394 in 
Merged SHA d4991323e07f96b789d0fbc723f6252282733394 with commit message 'chore: Promote pa-emailparser to version 0.0.12' into base branch master

Showing logs for build [32mrajattyagius-environment-rajatt-nkrpg-1[0m stage [32mfrom-build-pack[0m and container [32mstep-build-helm-build[0m
WARNING: No $CHART_REPOSITORY defined so using the default value of: http://jenkins-x-chartmuseum:8080
Adding missing Helm repo: storage.googleapis.com https://storage.googleapis.com/chartmuseum.jenkins-x.io
Successfully added Helm repository storage.googleapis.com.
Adding missing Helm repo: jenkins-x-chartmuseum http://jenkins-x-chartmuseum:8080
Successfully added Helm repository jenkins-x-chartmuseum.
WARNING: No $CHART_REPOSITORY defined so using the default value of: http://jenkins-x-chartmuseum:8080
Adding missing Helm repo: chartmuseum.jenkins-x.io http://chartmuseum.jenkins-x.io
Successfully added Helm repository chartmuseum.jenkins-x.io.
