
Showing logs for build [32mrajattyagius-environment-rajatt-dg9kj-1[0m stage [32mmeta-pipeline[0m and container [32mstep-credential-initializer-x8fts[0m
{"level":"warn","ts":1568787978.6199431,"logger":"fallback-logger","caller":"logging/config.go:69","msg":"Fetch GitHub commit ID from kodata failed: \"ref: refs/heads/master\" is not a valid GitHub commit ID"}
{"level":"info","ts":1568787978.621143,"logger":"fallback-logger","caller":"creds-init/main.go:40","msg":"Credentials initialized."}

Showing logs for build [32mrajattyagius-environment-rajatt-dg9kj-1[0m stage [32mmeta-pipeline[0m and container [32mstep-working-dir-initializer-bhbxd[0m
{"level":"warn","ts":1568787979.8622916,"logger":"fallback-logger","caller":"logging/config.go:69","msg":"Fetch GitHub commit ID from kodata failed: open /var/run/ko/HEAD: no such file or directory"}
{"level":"info","ts":1568787979.9020004,"logger":"fallback-logger","caller":"bash/main.go:65","msg":"Successfully executed command \"mkdir -p /workspace/source\""}

Showing logs for build [32mrajattyagius-environment-rajatt-dg9kj-1[0m stage [32mmeta-pipeline[0m and container [32mstep-place-tools[0m

Showing logs for build [32mrajattyagius-environment-rajatt-dg9kj-1[0m stage [32mmeta-pipeline[0m and container [32mstep-git-source-meta-rajattyagius-environment-r-wbplz[0m
{"level":"warn","ts":1568787985.94659,"logger":"fallback-logger","caller":"logging/config.go:69","msg":"Fetch GitHub commit ID from kodata failed: \"ref: refs/heads/master\" is not a valid GitHub commit ID"}
{"level":"info","ts":1568787988.6053739,"logger":"fallback-logger","caller":"git/git.go:102","msg":"Successfully cloned https://github.com/************/environment-************-tags123-staging.git @ b85b15327bf31dc2f0162ea6e1b47fcf51560c83 in path /workspace/source"}

Showing logs for build [32mrajattyagius-environment-rajatt-dg9kj-1[0m stage [32mmeta-pipeline[0m and container [32mstep-git-merge[0m
Using SHAs from PULL_REFS=master:b85b15327bf31dc2f0162ea6e1b47fcf51560c83,9:8f661284b4f8606f8d69226f9e1d741254fb57b8
DEBUG: ran git fetch --unshallow origin 8f661284b4f8606f8d69226f9e1d741254fb57b8: b85b15327bf31dc2f0162ea6e1b47fcf51560c83: in 
DEBUG: ran git checkout master in 
DEBUG: ran git reset --hard b85b15327bf31dc2f0162ea6e1b47fcf51560c83 in 
DEBUG: ran clean --force -d . in 
DEBUG: ran git merge 8f661284b4f8606f8d69226f9e1d741254fb57b8 in 
Merged SHA 8f661284b4f8606f8d69226f9e1d741254fb57b8 with commit message 'chore: Promote pa-recurrent-nattydatetime to version 0.0.18' into base branch master

Showing logs for build [32mrajattyagius-environment-rajatt-dg9kj-1[0m stage [32mmeta-pipeline[0m and container [32mstep-merge-pull-refs[0m
DEBUG: ran git fetch origin 8f661284b4f8606f8d69226f9e1d741254fb57b8: b85b15327bf31dc2f0162ea6e1b47fcf51560c83: in 
DEBUG: Unshallowed git repo in 
DEBUG: ran git checkout master in 
DEBUG: ran git reset --hard b85b15327bf31dc2f0162ea6e1b47fcf51560c83 in 
DEBUG: ran clean --force -d . in 
DEBUG: ran git merge 8f661284b4f8606f8d69226f9e1d741254fb57b8 in 
Merged SHA 8f661284b4f8606f8d69226f9e1d741254fb57b8 with commit message 'chore: Promote pa-recurrent-nattydatetime to version 0.0.18' into base branch master

Showing logs for build [32mrajattyagius-environment-rajatt-dg9kj-1[0m stage [32mmeta-pipeline[0m and container [32mstep-create-effective-pipeline[0m
Deleting and cloning the Jenkins X versions repo
Cloning the Jenkins X versions repo https://github.com/jenkins-x/jenkins-x-versions.git with ref refs/heads/master to /builder/home/.**/jenkins-x-versions
selected pack: /builder/home/.**/draft/packs/github.com/jenkins-x-buildpacks/jenkins-x-kubernetes/packs/environment
Effective pipeline written to jenkins-x-promotion-build-effective.yml

Showing logs for build [32mrajattyagius-environment-rajatt-dg9kj-1[0m stage [32mmeta-pipeline[0m and container [32mstep-create-tekton-crds[0m
PipelineActivity for ************-environment-************-tags123-staging-PR-9-1
Applying changes 
upserted PipelineResource ************-environment-rajatt for the git repository https://github.com/************/environment-************-tags123-staging.git
upserted Task ************-environment-rajatt-dg9kj-from-build-pack-1
upserted Pipeline ************-environment-rajatt-dg9kj-1
created PipelineRun ************-environment-rajatt-dg9kj-1
created PipelineStructure ************-environment-rajatt-dg9kj-1

Showing logs for build [32mrajattyagius-environment-rajatt-dg9kj-1[0m stage [32mfrom-build-pack[0m and container [32mstep-credential-initializer-gw8cm[0m
{"level":"warn","ts":1568788012.2716153,"logger":"fallback-logger","caller":"logging/config.go:69","msg":"Fetch GitHub commit ID from kodata failed: \"ref: refs/heads/master\" is not a valid GitHub commit ID"}
{"level":"info","ts":1568788012.273753,"logger":"fallback-logger","caller":"creds-init/main.go:40","msg":"Credentials initialized."}

Showing logs for build [32mrajattyagius-environment-rajatt-dg9kj-1[0m stage [32mfrom-build-pack[0m and container [32mstep-working-dir-initializer-5czzq[0m
{"level":"warn","ts":1568788013.2857072,"logger":"fallback-logger","caller":"logging/config.go:69","msg":"Fetch GitHub commit ID from kodata failed: open /var/run/ko/HEAD: no such file or directory"}
{"level":"info","ts":1568788013.3235514,"logger":"fallback-logger","caller":"bash/main.go:65","msg":"Successfully executed command \"mkdir -p /workspace/source /workspace/source/env\""}

Showing logs for build [32mrajattyagius-environment-rajatt-dg9kj-1[0m stage [32mfrom-build-pack[0m and container [32mstep-place-tools[0m

Showing logs for build [32mrajattyagius-environment-rajatt-dg9kj-1[0m stage [32mfrom-build-pack[0m and container [32mstep-git-source-rajattyagius-environment-rajatt-hdn44[0m
{"level":"warn","ts":1568788089.547171,"logger":"fallback-logger","caller":"logging/config.go:69","msg":"Fetch GitHub commit ID from kodata failed: \"ref: refs/heads/master\" is not a valid GitHub commit ID"}
{"level":"info","ts":1568788092.0393183,"logger":"fallback-logger","caller":"git/git.go:102","msg":"Successfully cloned https://github.com/************/environment-************-tags123-staging.git @ master in path /workspace/source"}

Showing logs for build [32mrajattyagius-environment-rajatt-dg9kj-1[0m stage [32mfrom-build-pack[0m and container [32mstep-git-merge[0m
Using SHAs from PULL_REFS=master:b85b15327bf31dc2f0162ea6e1b47fcf51560c83,9:8f661284b4f8606f8d69226f9e1d741254fb57b8
DEBUG: ran git fetch origin 8f661284b4f8606f8d69226f9e1d741254fb57b8: b85b15327bf31dc2f0162ea6e1b47fcf51560c83: in 
DEBUG: Unshallowed git repo in 
DEBUG: ran git checkout master in 
DEBUG: ran git reset --hard b85b15327bf31dc2f0162ea6e1b47fcf51560c83 in 
DEBUG: ran clean --force -d . in 
DEBUG: ran git merge 8f661284b4f8606f8d69226f9e1d741254fb57b8 in 
Merged SHA 8f661284b4f8606f8d69226f9e1d741254fb57b8 with commit message 'chore: Promote pa-recurrent-nattydatetime to version 0.0.18' into base branch master

Showing logs for build [32mrajattyagius-environment-rajatt-dg9kj-1[0m stage [32mfrom-build-pack[0m and container [32mstep-build-helm-build[0m
WARNING: No $CHART_REPOSITORY defined so using the default value of: http://jenkins-x-chartmuseum:8080
Adding missing Helm repo: storage.googleapis.com https://storage.googleapis.com/chartmuseum.jenkins-x.io
Successfully added Helm repository storage.googleapis.com.
Adding missing Helm repo: jenkins-x-chartmuseum http://jenkins-x-chartmuseum:8080
Successfully added Helm repository jenkins-x-chartmuseum.
WARNING: No $CHART_REPOSITORY defined so using the default value of: http://jenkins-x-chartmuseum:8080
Adding missing Helm repo: chartmuseum.jenkins-x.io http://chartmuseum.jenkins-x.io
Successfully added Helm repository chartmuseum.jenkins-x.io.
