
Showing logs for build [32mrajattyagius-environment-rajatt-p7ntv-4[0m stage [32mmeta-pipeline[0m and container [32mstep-credential-initializer-k6rsq[0m
{"level":"warn","ts":1568711481.647199,"logger":"fallback-logger","caller":"logging/config.go:69","msg":"Fetch GitHub commit ID from kodata failed: \"ref: refs/heads/master\" is not a valid GitHub commit ID"}
{"level":"info","ts":1568711481.647678,"logger":"fallback-logger","caller":"creds-init/main.go:40","msg":"Credentials initialized."}

Showing logs for build [32mrajattyagius-environment-rajatt-p7ntv-4[0m stage [32mmeta-pipeline[0m and container [32mstep-working-dir-initializer-xndpx[0m
{"level":"warn","ts":1568711482.6690075,"logger":"fallback-logger","caller":"logging/config.go:69","msg":"Fetch GitHub commit ID from kodata failed: open /var/run/ko/HEAD: no such file or directory"}
{"level":"info","ts":1568711482.672356,"logger":"fallback-logger","caller":"bash/main.go:65","msg":"Successfully executed command \"mkdir -p /workspace/source\""}

Showing logs for build [32mrajattyagius-environment-rajatt-p7ntv-4[0m stage [32mmeta-pipeline[0m and container [32mstep-place-tools[0m

Showing logs for build [32mrajattyagius-environment-rajatt-p7ntv-4[0m stage [32mmeta-pipeline[0m and container [32mstep-git-source-meta-rajattyagius-environment-r-x9d75[0m
{"level":"warn","ts":1568711488.672425,"logger":"fallback-logger","caller":"logging/config.go:69","msg":"Fetch GitHub commit ID from kodata failed: \"ref: refs/heads/master\" is not a valid GitHub commit ID"}
{"level":"info","ts":1568711490.6335723,"logger":"fallback-logger","caller":"git/git.go:102","msg":"Successfully cloned https://github.com/************/environment-************-tags123-staging.git @ ae9f8fdf9072979332ea6fd03fcb203ba4675c69 in path /workspace/source"}

Showing logs for build [32mrajattyagius-environment-rajatt-p7ntv-4[0m stage [32mmeta-pipeline[0m and container [32mstep-git-merge[0m
Using SHAs from PULL_REFS=master:ae9f8fdf9072979332ea6fd03fcb203ba4675c69
WARNING: no SHAs to merge, falling back to initial cloned commit

Showing logs for build [32mrajattyagius-environment-rajatt-p7ntv-4[0m stage [32mmeta-pipeline[0m and container [32mstep-merge-pull-refs[0m
SKIP merge-pull-refs: Nothing to merge

Showing logs for build [32mrajattyagius-environment-rajatt-p7ntv-4[0m stage [32mmeta-pipeline[0m and container [32mstep-create-effective-pipeline[0m
Deleting and cloning the Jenkins X versions repo
Cloning the Jenkins X versions repo https://github.com/jenkins-x/jenkins-x-versions.git with ref refs/heads/master to /builder/home/.**/jenkins-x-versions
selected pack: /builder/home/.**/draft/packs/github.com/jenkins-x-buildpacks/jenkins-x-kubernetes/packs/environment
Effective pipeline written to jenkins-x-promotion-effective.yml

Showing logs for build [32mrajattyagius-environment-rajatt-p7ntv-4[0m stage [32mmeta-pipeline[0m and container [32mstep-create-tekton-crds[0m
running command: ** step next-version --use-git-tag-only --tag
created new version: 0.0.4 and written to file: ./VERSION
Tag v0.0.4 created and pushed to remote origin

PipelineActivity for ************-environment-************-tags123-staging-master-4
Applying changes 
upserted PipelineResource ************-environment-rajatt for the git repository https://github.com/************/environment-************-tags123-staging.git
upserted Task ************-environment-rajatt-p7ntv-from-build-pack-4
upserted Pipeline ************-environment-rajatt-p7ntv-4
created PipelineRun ************-environment-rajatt-p7ntv-4
created PipelineStructure ************-environment-rajatt-p7ntv-4

Showing logs for build [32mrajattyagius-environment-rajatt-p7ntv-4[0m stage [32mfrom-build-pack[0m and container [32mstep-credential-initializer-wsjkx[0m
{"level":"warn","ts":1568711509.8031397,"logger":"fallback-logger","caller":"logging/config.go:69","msg":"Fetch GitHub commit ID from kodata failed: \"ref: refs/heads/master\" is not a valid GitHub commit ID"}
{"level":"info","ts":1568711509.8047078,"logger":"fallback-logger","caller":"creds-init/main.go:40","msg":"Credentials initialized."}

Showing logs for build [32mrajattyagius-environment-rajatt-p7ntv-4[0m stage [32mfrom-build-pack[0m and container [32mstep-working-dir-initializer-xtpvx[0m
{"level":"warn","ts":1568711510.080571,"logger":"fallback-logger","caller":"logging/config.go:69","msg":"Fetch GitHub commit ID from kodata failed: open /var/run/ko/HEAD: no such file or directory"}
{"level":"info","ts":1568711510.0822105,"logger":"fallback-logger","caller":"bash/main.go:65","msg":"Successfully executed command \"mkdir -p /workspace/source /workspace/source/env\""}

Showing logs for build [32mrajattyagius-environment-rajatt-p7ntv-4[0m stage [32mfrom-build-pack[0m and container [32mstep-place-tools[0m

Showing logs for build [32mrajattyagius-environment-rajatt-p7ntv-4[0m stage [32mfrom-build-pack[0m and container [32mstep-git-source-rajattyagius-environment-rajatt-s555n[0m
{"level":"warn","ts":1568711516.1926801,"logger":"fallback-logger","caller":"logging/config.go:69","msg":"Fetch GitHub commit ID from kodata failed: \"ref: refs/heads/master\" is not a valid GitHub commit ID"}
{"level":"info","ts":1568711518.1427906,"logger":"fallback-logger","caller":"git/git.go:102","msg":"Successfully cloned https://github.com/************/environment-************-tags123-staging.git @ v0.0.4 in path /workspace/source"}

Showing logs for build [32mrajattyagius-environment-rajatt-p7ntv-4[0m stage [32mfrom-build-pack[0m and container [32mstep-git-merge[0m
Using SHAs from PULL_REFS=master:ae9f8fdf9072979332ea6fd03fcb203ba4675c69
WARNING: no SHAs to merge, falling back to initial cloned commit

Showing logs for build [32mrajattyagius-environment-rajatt-p7ntv-4[0m stage [32mfrom-build-pack[0m and container [32mstep-setup-jx-git-credentials[0m
Generated Git credentials file /builder/home/git/credentials

Showing logs for build [32mrajattyagius-environment-rajatt-p7ntv-4[0m stage [32mfrom-build-pack[0m and container [32mstep-build-helm-apply[0m
Modified file /workspace/source/env/Chart.yaml to set the chart to version 4
Copying the helm source directory /workspace/source/env to a temporary location for building and applying /tmp/**-helm-apply-420487325/env
Applying helm chart at /tmp/**-helm-apply-420487325/env as release name ** to namespace **-staging
verifying the helm requirements versions in dir: . using version stream URL:  and git ref: 
Deleting and cloning the Jenkins X versions repo
Cloning the Jenkins X versions repo https://github.com/jenkins-x/jenkins-x-versions.git with ref refs/heads/master to /builder/home/.**/jenkins-x-versions
Ignoring templates/.gitignore
Wrote chart values.yaml /tmp/**-helm-apply-420487325/env/values.yaml generated from directory tree
generated helm /tmp/**-helm-apply-420487325/env/values.yaml

PipelineSecrets: {}
cleanup:
  Annotations:
    helm.sh/hook: pre-delete
    helm.sh/hook-delete-policy: hook-succeeded
  Args:
  - --cleanup
expose:
  Annotations:
    helm.sh/hook: post-install,post-upgrade
    helm.sh/hook-delete-policy: hook-succeeded
  Args:
  - --v
  - 4
  config:
    domain: 35.244.49.91.nip.io
    exposer: Ingress
    http: "true"
jenkins:
  Servers:
    Global: {}
prow: {}

Using values files: /tmp/**-helm-apply-420487325/env/values.yaml
WARNING: No $CHART_REPOSITORY defined so using the default value of: http://jenkins-x-chartmuseum:8080
Adding missing Helm repo: storage.googleapis.com https://storage.googleapis.com/chartmuseum.jenkins-x.io
Successfully added Helm repository storage.googleapis.com.
Adding missing Helm repo: jenkins-x-chartmuseum http://jenkins-x-chartmuseum:8080
Successfully added Helm repository jenkins-x-chartmuseum.
WARNING: No $CHART_REPOSITORY defined so using the default value of: http://jenkins-x-chartmuseum:8080
Adding missing Helm repo: chartmuseum.jenkins-x.io http://chartmuseum.jenkins-x.io
Successfully added Helm repository chartmuseum.jenkins-x.io.
Applying Apps chart overrides
Applying chart overrides


