
Showing logs for build [32mrajattyagius-environment-rajatt-kdn6v-7[0m stage [32mmeta-pipeline[0m and container [32mstep-credential-initializer-s4gt6[0m
{"level":"warn","ts":1568787699.6480575,"logger":"fallback-logger","caller":"logging/config.go:69","msg":"Fetch GitHub commit ID from kodata failed: \"ref: refs/heads/master\" is not a valid GitHub commit ID"}
{"level":"info","ts":1568787699.6485784,"logger":"fallback-logger","caller":"creds-init/main.go:40","msg":"Credentials initialized."}

Showing logs for build [32mrajattyagius-environment-rajatt-kdn6v-7[0m stage [32mmeta-pipeline[0m and container [32mstep-working-dir-initializer-tkm2p[0m
{"level":"warn","ts":1568787700.3083644,"logger":"fallback-logger","caller":"logging/config.go:69","msg":"Fetch GitHub commit ID from kodata failed: open /var/run/ko/HEAD: no such file or directory"}
{"level":"info","ts":1568787700.3100307,"logger":"fallback-logger","caller":"bash/main.go:65","msg":"Successfully executed command \"mkdir -p /workspace/source\""}

Showing logs for build [32mrajattyagius-environment-rajatt-kdn6v-7[0m stage [32mmeta-pipeline[0m and container [32mstep-place-tools[0m

Showing logs for build [32mrajattyagius-environment-rajatt-kdn6v-7[0m stage [32mmeta-pipeline[0m and container [32mstep-git-source-meta-rajattyagius-environment-r-bs92m[0m
{"level":"warn","ts":1568787706.326645,"logger":"fallback-logger","caller":"logging/config.go:69","msg":"Fetch GitHub commit ID from kodata failed: \"ref: refs/heads/master\" is not a valid GitHub commit ID"}
{"level":"info","ts":1568787708.311761,"logger":"fallback-logger","caller":"git/git.go:102","msg":"Successfully cloned https://github.com/************/environment-************-tags123-staging.git @ b85b15327bf31dc2f0162ea6e1b47fcf51560c83 in path /workspace/source"}

Showing logs for build [32mrajattyagius-environment-rajatt-kdn6v-7[0m stage [32mmeta-pipeline[0m and container [32mstep-git-merge[0m
Using SHAs from PULL_REFS=master:b85b15327bf31dc2f0162ea6e1b47fcf51560c83
WARNING: no SHAs to merge, falling back to initial cloned commit

Showing logs for build [32mrajattyagius-environment-rajatt-kdn6v-7[0m stage [32mmeta-pipeline[0m and container [32mstep-merge-pull-refs[0m
SKIP merge-pull-refs: Nothing to merge

Showing logs for build [32mrajattyagius-environment-rajatt-kdn6v-7[0m stage [32mmeta-pipeline[0m and container [32mstep-create-effective-pipeline[0m
Deleting and cloning the Jenkins X versions repo
Cloning the Jenkins X versions repo https://github.com/jenkins-x/jenkins-x-versions.git with ref refs/heads/master to /builder/home/.**/jenkins-x-versions
selected pack: /builder/home/.**/draft/packs/github.com/jenkins-x-buildpacks/jenkins-x-kubernetes/packs/environment
Effective pipeline written to jenkins-x-promotion-effective.yml

Showing logs for build [32mrajattyagius-environment-rajatt-kdn6v-7[0m stage [32mmeta-pipeline[0m and container [32mstep-create-tekton-crds[0m
running command: ** step next-version --use-git-tag-only --tag
created new version: 0.0.7 and written to file: ./VERSION
Tag v0.0.7 created and pushed to remote origin

PipelineActivity for ************-environment-************-tags123-staging-master-7
Applying changes 
upserted PipelineResource ************-environment-rajatt for the git repository https://github.com/************/environment-************-tags123-staging.git
upserted Task ************-environment-rajatt-kdn6v-from-build-pack-7
upserted Pipeline ************-environment-rajatt-kdn6v-7
created PipelineRun ************-environment-rajatt-kdn6v-7
created PipelineStructure ************-environment-rajatt-kdn6v-7

Showing logs for build [32mrajattyagius-environment-rajatt-kdn6v-7[0m stage [32mfrom-build-pack[0m and container [32mstep-credential-initializer-z2tp6[0m
{"level":"warn","ts":1568787733.4438457,"logger":"fallback-logger","caller":"logging/config.go:69","msg":"Fetch GitHub commit ID from kodata failed: \"ref: refs/heads/master\" is not a valid GitHub commit ID"}
{"level":"info","ts":1568787733.4444997,"logger":"fallback-logger","caller":"creds-init/main.go:40","msg":"Credentials initialized."}

Showing logs for build [32mrajattyagius-environment-rajatt-kdn6v-7[0m stage [32mfrom-build-pack[0m and container [32mstep-working-dir-initializer-gcfw8[0m
{"level":"warn","ts":1568787734.505992,"logger":"fallback-logger","caller":"logging/config.go:69","msg":"Fetch GitHub commit ID from kodata failed: open /var/run/ko/HEAD: no such file or directory"}
{"level":"info","ts":1568787734.5077944,"logger":"fallback-logger","caller":"bash/main.go:65","msg":"Successfully executed command \"mkdir -p /workspace/source /workspace/source/env\""}

Showing logs for build [32mrajattyagius-environment-rajatt-kdn6v-7[0m stage [32mfrom-build-pack[0m and container [32mstep-place-tools[0m

Showing logs for build [32mrajattyagius-environment-rajatt-kdn6v-7[0m stage [32mfrom-build-pack[0m and container [32mstep-git-source-rajattyagius-environment-rajatt-vvlpd[0m
{"level":"warn","ts":1568787739.5102425,"logger":"fallback-logger","caller":"logging/config.go:69","msg":"Fetch GitHub commit ID from kodata failed: \"ref: refs/heads/master\" is not a valid GitHub commit ID"}
{"level":"info","ts":1568787741.6268315,"logger":"fallback-logger","caller":"git/git.go:102","msg":"Successfully cloned https://github.com/************/environment-************-tags123-staging.git @ v0.0.7 in path /workspace/source"}

Showing logs for build [32mrajattyagius-environment-rajatt-kdn6v-7[0m stage [32mfrom-build-pack[0m and container [32mstep-git-merge[0m
Using SHAs from PULL_REFS=master:b85b15327bf31dc2f0162ea6e1b47fcf51560c83
WARNING: no SHAs to merge, falling back to initial cloned commit

Showing logs for build [32mrajattyagius-environment-rajatt-kdn6v-7[0m stage [32mfrom-build-pack[0m and container [32mstep-setup-jx-git-credentials[0m
Generated Git credentials file /builder/home/git/credentials

Showing logs for build [32mrajattyagius-environment-rajatt-kdn6v-7[0m stage [32mfrom-build-pack[0m and container [32mstep-build-helm-apply[0m
Modified file /workspace/source/env/Chart.yaml to set the chart to version 7
Copying the helm source directory /workspace/source/env to a temporary location for building and applying /tmp/**-helm-apply-873136917/env
Applying helm chart at /tmp/**-helm-apply-873136917/env as release name ** to namespace **-staging
verifying the helm requirements versions in dir: . using version stream URL:  and git ref: 
Deleting and cloning the Jenkins X versions repo
Cloning the Jenkins X versions repo https://github.com/jenkins-x/jenkins-x-versions.git with ref refs/heads/master to /builder/home/.**/jenkins-x-versions
Ignoring templates/.gitignore
Wrote chart values.yaml /tmp/**-helm-apply-873136917/env/values.yaml generated from directory tree
generated helm /tmp/**-helm-apply-873136917/env/values.yaml

PipelineSecrets: {}
cleanup:
  Annotations:
    helm.sh/hook: pre-delete
    helm.sh/hook-delete-policy: hook-succeeded
  Args:
  - --cleanup
expose:
  Annotations:
    helm.sh/hook: post-install,post-upgrade
    helm.sh/hook-delete-policy: hook-succeeded
  Args:
  - --v
  - 4
  config:
    domain: 35.244.49.91.nip.io
    exposer: Ingress
    http: "true"
jenkins:
  Servers:
    Global: {}
prow: {}

Using values files: /tmp/**-helm-apply-873136917/env/values.yaml
WARNING: No $CHART_REPOSITORY defined so using the default value of: http://jenkins-x-chartmuseum:8080
Adding missing Helm repo: storage.googleapis.com https://storage.googleapis.com/chartmuseum.jenkins-x.io
Successfully added Helm repository storage.googleapis.com.
Adding missing Helm repo: jenkins-x-chartmuseum http://jenkins-x-chartmuseum:8080
Successfully added Helm repository jenkins-x-chartmuseum.
WARNING: No $CHART_REPOSITORY defined so using the default value of: http://jenkins-x-chartmuseum:8080
Adding missing Helm repo: chartmuseum.jenkins-x.io http://chartmuseum.jenkins-x.io
Successfully added Helm repository chartmuseum.jenkins-x.io.
Applying Apps chart overrides
Applying chart overrides


release.jenkins.io "pa-emailparser-0.0.15" deleted
